<?xml version="1.0" encoding="UTF-8"?>
<!-- Generated by org.testng.reporters.JUnitReportReporter -->
<testsuite hostname="My-Everything" failures="0" tests="3" name="test_package.Homepage_Test" time="0.443" errors="0" timestamp="2022-06-18T07:10:43 IST" skipped="0">
  <testcase classname="test_package.Homepage_Test" name="VerifyTitleTest" time="0.018"/>
  <system-out/>
  <testcase classname="test_package.Homepage_Test" name="searchProduct" time="0.423"/>
  <system-out/>
  <testcase classname="test_package.Homepage_Test" name="VerifyUrlTest" time="0.002"/>
  <system-out/>
</testsuite> <!-- test_package.Homepage_Test -->
